#
# There is insufficient memory for the Java Runtime Environment to continue.
# Native memory allocation (malloc) failed to allocate 252256 bytes for Chunk::new
# Possible reasons:
#   The system is out of physical RAM or swap space
#   The process is running with CompressedOops enabled, and the Java Heap may be blocking the growth of the native heap
# Possible solutions:
#   Reduce memory load on the system
#   Increase physical memory or swap space
#   Check if swap backing store is full
#   Decrease Java heap size (-Xmx/-Xms)
#   Decrease number of Java threads
#   Decrease Java thread stack sizes (-Xss)
#   Set larger code cache with -XX:ReservedCodeCacheSize=
#   JVM is running with Unscaled Compressed Oops mode in which the Java heap is
#     placed in the first 4GB address space. The Java Heap base address is the
#     maximum limit for the native heap growth. Please use -XX:HeapBaseMinAddress
#     to set the Java Heap base and to place the Java Heap above 4GB virtual address.
# This output file may be truncated or incomplete.
#
#  Out of Memory Error (arena.cpp:189), pid=8844, tid=8944
#
# JRE version: OpenJDK Runtime Environment Corretto-17.0.7.7.1 (17.0.7+7) (build 17.0.7+7-LTS)
# Java VM: OpenJDK 64-Bit Server VM Corretto-17.0.7.7.1 (17.0.7+7-LTS, mixed mode, sharing, tiered, compressed oops, compressed class ptrs, g1 gc, windows-amd64)
# No core dump will be written. Minidumps are not enabled by default on client versions of Windows
#

---------------  S U M M A R Y ------------

Command Line: -javaagent:C:\Program Files\JetBrains\IntelliJ IDEA Community Edition 2023.1.1\lib\idea_rt.jar=55748:C:\Program Files\JetBrains\IntelliJ IDEA Community Edition 2023.1.1\bin -Dfile.encoding=UTF-8 MainKt

Host: Intel(R) Core(TM) i5-4590 CPU @ 3.30GHz, 4 cores, 7G,  Windows 10 , 64 bit Build 19041 (10.0.19041.2788)
Time: Sat May  6 17:37:49 2023 Hora oficial do Brasil elapsed time: 1.046950 seconds (0d 0h 0m 1s)

---------------  T H R E A D  ---------------

Current thread (0x000001c37f34acb0):  JavaThread "C2 CompilerThread0" daemon [_thread_in_native, id=8944, stack(0x0000006dcae00000,0x0000006dcaf00000)]


Current CompileTask:
C2:   1047  289       4       java.util.HashMap::put (13 bytes)

Stack: [0x0000006dcae00000,0x0000006dcaf00000]
Native frames: (J=compiled Java code, j=interpreted, Vv=VM code, C=native code)
V  [jvm.dll+0x64b53a]
V  [jvm.dll+0x7fef54]
V  [jvm.dll+0x80070e]
V  [jvm.dll+0x800d63]
V  [jvm.dll+0x236a2b]
V  [jvm.dll+0xbd47c]
V  [jvm.dll+0xbda5c]
V  [jvm.dll+0x29ded2]
V  [jvm.dll+0x559df8]
V  [jvm.dll+0x21315b]
V  [jvm.dll+0x20c149]
V  [jvm.dll+0x20a172]
V  [jvm.dll+0x19a2ed]
V  [jvm.dll+0x21967d]
V  [jvm.dll+0x2178c4]
V  [jvm.dll+0x7b7dcb]
V  [jvm.dll+0x7b237a]
V  [jvm.dll+0x64a3a5]
C  [ucrtbase.dll+0x21bb2]
C  [KERNEL32.DLL+0x17604]
C  [ntdll.dll+0x526a1]


---------------  P R O C E S S  ---------------

Threads class SMR info:
_java_thread_list=0x000001c318d58f40, length=13, elements={
0x000001c37a278a20, 0x000001c37f334ab0, 0x000001c37f3370d0, 0x000001c37f347f40,
0x000001c37f3488f0, 0x000001c37f34ba80, 0x000001c37f349f20, 0x000001c37f34acb0,
0x000001c37f379930, 0x000001c37f37e750, 0x000001c37f321b40, 0x000001c318d585e0,
0x000001c318d5cac0
}

Java Threads: ( => current thread )
  0x000001c37a278a20 JavaThread "main" [_thread_in_native, id=5368, stack(0x0000006dca100000,0x0000006dca200000)]
  0x000001c37f334ab0 JavaThread "Reference Handler" daemon [_thread_blocked, id=6268, stack(0x0000006dca800000,0x0000006dca900000)]
  0x000001c37f3370d0 JavaThread "Finalizer" daemon [_thread_blocked, id=4944, stack(0x0000006dca900000,0x0000006dcaa00000)]
  0x000001c37f347f40 JavaThread "Signal Dispatcher" daemon [_thread_blocked, id=4916, stack(0x0000006dcaa00000,0x0000006dcab00000)]
  0x000001c37f3488f0 JavaThread "Attach Listener" daemon [_thread_blocked, id=8788, stack(0x0000006dcab00000,0x0000006dcac00000)]
  0x000001c37f34ba80 JavaThread "Service Thread" daemon [_thread_blocked, id=3728, stack(0x0000006dcac00000,0x0000006dcad00000)]
  0x000001c37f349f20 JavaThread "Monitor Deflation Thread" daemon [_thread_blocked, id=1452, stack(0x0000006dcad00000,0x0000006dcae00000)]
=>0x000001c37f34acb0 JavaThread "C2 CompilerThread0" daemon [_thread_in_native, id=8944, stack(0x0000006dcae00000,0x0000006dcaf00000)]
  0x000001c37f379930 JavaThread "C1 CompilerThread0" daemon [_thread_blocked, id=7412, stack(0x0000006dcaf00000,0x0000006dcb000000)]
  0x000001c37f37e750 JavaThread "Sweeper thread" daemon [_thread_blocked, id=6596, stack(0x0000006dcb000000,0x0000006dcb100000)]
  0x000001c37f321b40 JavaThread "Common-Cleaner" daemon [_thread_blocked, id=5524, stack(0x0000006dcb100000,0x0000006dcb200000)]
  0x000001c318d585e0 JavaThread "Monitor Ctrl-Break" daemon [_thread_in_native, id=6112, stack(0x0000006dcb200000,0x0000006dcb300000)]
  0x000001c318d5cac0 JavaThread "Notification Thread" daemon [_thread_blocked, id=4504, stack(0x0000006dcb300000,0x0000006dcb400000)]

Other Threads:
  0x000001c37f32f270 VMThread "VM Thread" [stack: 0x0000006dca700000,0x0000006dca800000] [id=8876]
  0x000001c318d55160 WatcherThread [stack: 0x0000006dcb400000,0x0000006dcb500000] [id=5616]
  0x000001c37a2d2760 GCTaskThread "GC Thread#0" [stack: 0x0000006dca200000,0x0000006dca300000] [id=1164]
  0x000001c37814df40 ConcurrentGCThread "G1 Main Marker" [stack: 0x0000006dca300000,0x0000006dca400000] [id=5644]
  0x000001c37814e9f0 ConcurrentGCThread "G1 Conc#0" [stack: 0x0000006dca400000,0x0000006dca500000] [id=5236]
  0x000001c37f1f0090 ConcurrentGCThread "G1 Refine#0" [stack: 0x0000006dca500000,0x0000006dca600000] [id=7324]
  0x000001c37f1f0ab0 ConcurrentGCThread "G1 Service" [stack: 0x0000006dca600000,0x0000006dca700000] [id=2824]

Threads with active compile tasks:
C2 CompilerThread0     1113  289       4       java.util.HashMap::put (13 bytes)

VM state: not at safepoint (normal execution)

VM Mutex/Monitor currently owned by a thread: None

Heap address: 0x0000000081400000, size: 2028 MB, Compressed Oops mode: 32-bit

CDS archive(s) mapped at: [0x0000000800000000-0x0000000800bc0000-0x0000000800bc0000), size 12320768, SharedBaseAddress: 0x0000000800000000, ArchiveRelocationMode: 0.
Compressed class space mapped at: 0x0000000801000000-0x0000000841000000, reserved size: 1073741824
Narrow klass base: 0x0000000800000000, Narrow klass shift: 0, Narrow klass range: 0x100000000

GC Precious Log:
 CPUs: 4 total, 4 available
 Memory: 8110M
 Large Page Support: Disabled
 NUMA Support: Disabled
 Compressed Oops: Enabled (32-bit)
 Heap Region Size: 1M
 Heap Min Capacity: 8M
 Heap Initial Capacity: 128M
 Heap Max Capacity: 2028M
 Pre-touch: Disabled
 Parallel Workers: 4
 Concurrent Workers: 1
 Concurrent Refinement Workers: 4
 Periodic GC: Disabled

Heap:
 garbage-first heap   total 131072K, used 3072K [0x0000000081400000, 0x0000000100000000)
  region size 1024K, 4 young (4096K), 0 survivors (0K)
 Metaspace       used 1084K, committed 1216K, reserved 1114112K
  class space    used 87K, committed 192K, reserved 1048576K

Heap Regions: E=young(eden), S=young(survivor), O=old, HS=humongous(starts), HC=humongous(continues), CS=collection set, F=free, OA=open archive, CA=closed archive, TAMS=top-at-mark-start (previous, next)
|   0|0x0000000081400000, 0x0000000081400000, 0x0000000081500000|  0%| F|  |TAMS 0x0000000081400000, 0x0000000081400000| Untracked 
|   1|0x0000000081500000, 0x0000000081500000, 0x0000000081600000|  0%| F|  |TAMS 0x0000000081500000, 0x0000000081500000| Untracked 
|   2|0x0000000081600000, 0x0000000081600000, 0x0000000081700000|  0%| F|  |TAMS 0x0000000081600000, 0x0000000081600000| Untracked 
|   3|0x0000000081700000, 0x0000000081700000, 0x0000000081800000|  0%| F|  |TAMS 0x0000000081700000, 0x0000000081700000| Untracked 
|   4|0x0000000081800000, 0x0000000081800000, 0x0000000081900000|  0%| F|  |TAMS 0x0000000081800000, 0x0000000081800000| Untracked 
|   5|0x0000000081900000, 0x0000000081900000, 0x0000000081a00000|  0%| F|  |TAMS 0x0000000081900000, 0x0000000081900000| Untracked 
|   6|0x0000000081a00000, 0x0000000081a00000, 0x0000000081b00000|  0%| F|  |TAMS 0x0000000081a00000, 0x0000000081a00000| Untracked 
|   7|0x0000000081b00000, 0x0000000081b00000, 0x0000000081c00000|  0%| F|  |TAMS 0x0000000081b00000, 0x0000000081b00000| Untracked 
|   8|0x0000000081c00000, 0x0000000081c00000, 0x0000000081d00000|  0%| F|  |TAMS 0x0000000081c00000, 0x0000000081c00000| Untracked 
|   9|0x0000000081d00000, 0x0000000081d00000, 0x0000000081e00000|  0%| F|  |TAMS 0x0000000081d00000, 0x0000000081d00000| Untracked 
|  10|0x0000000081e00000, 0x0000000081e00000, 0x0000000081f00000|  0%| F|  |TAMS 0x0000000081e00000, 0x0000000081e00000| Untracked 
|  11|0x0000000081f00000, 0x0000000081f00000, 0x0000000082000000|  0%| F|  |TAMS 0x0000000081f00000, 0x0000000081f00000| Untracked 
|  12|0x0000000082000000, 0x0000000082000000, 0x0000000082100000|  0%| F|  |TAMS 0x0000000082000000, 0x0000000082000000| Untracked 
|  13|0x0000000082100000, 0x0000000082100000, 0x0000000082200000|  0%| F|  |TAMS 0x0000000082100000, 0x0000000082100000| Untracked 
|  14|0x0000000082200000, 0x0000000082200000, 0x0000000082300000|  0%| F|  |TAMS 0x0000000082200000, 0x0000000082200000| Untracked 
|  15|0x0000000082300000, 0x0000000082300000, 0x0000000082400000|  0%| F|  |TAMS 0x0000000082300000, 0x0000000082300000| Untracked 
|  16|0x0000000082400000, 0x0000000082400000, 0x0000000082500000|  0%| F|  |TAMS 0x0000000082400000, 0x0000000082400000| Untracked 
|  17|0x0000000082500000, 0x0000000082500000, 0x0000000082600000|  0%| F|  |TAMS 0x0000000082500000, 0x0000000082500000| Untracked 
|  18|0x0000000082600000, 0x0000000082600000, 0x0000000082700000|  0%| F|  |TAMS 0x0000000082600000, 0x0000000082600000| Untracked 
|  19|0x0000000082700000, 0x0000000082700000, 0x0000000082800000|  0%| F|  |TAMS 0x0000000082700000, 0x0000000082700000| Untracked 
|  20|0x0000000082800000, 0x0000000082800000, 0x0000000082900000|  0%| F|  |TAMS 0x0000000082800000, 0x0000000082800000| Untracked 
|  21|0x0000000082900000, 0x0000000082900000, 0x0000000082a00000|  0%| F|  |TAMS 0x0000000082900000, 0x0000000082900000| Untracked 
|  22|0x0000000082a00000, 0x0000000082a00000, 0x0000000082b00000|  0%| F|  |TAMS 0x0000000082a00000, 0x0000000082a00000| Untracked 
|  23|0x0000000082b00000, 0x0000000082b00000, 0x0000000082c00000|  0%| F|  |TAMS 0x0000000082b00000, 0x0000000082b00000| Untracked 
|  24|0x0000000082c00000, 0x0000000082c00000, 0x0000000082d00000|  0%| F|  |TAMS 0x0000000082c00000, 0x0000000082c00000| Untracked 
|  25|0x0000000082d00000, 0x0000000082d00000, 0x0000000082e00000|  0%| F|  |TAMS 0x0000000082d00000, 0x0000000082d00000| Untracked 
|  26|0x0000000082e00000, 0x0000000082e00000, 0x0000000082f00000|  0%| F|  |TAMS 0x0000000082e00000, 0x0000000082e00000| Untracked 
|  27|0x0000000082f00000, 0x0000000082f00000, 0x0000000083000000|  0%| F|  |TAMS 0x0000000082f00000, 0x0000000082f00000| Untracked 
|  28|0x0000000083000000, 0x0000000083000000, 0x0000000083100000|  0%| F|  |TAMS 0x0000000083000000, 0x0000000083000000| Untracked 
|  29|0x0000000083100000, 0x0000000083100000, 0x0000000083200000|  0%| F|  |TAMS 0x0000000083100000, 0x0000000083100000| Untracked 
|  30|0x0000000083200000, 0x0000000083200000, 0x0000000083300000|  0%| F|  |TAMS 0x0000000083200000, 0x0000000083200000| Untracked 
|  31|0x0000000083300000, 0x0000000083300000, 0x0000000083400000|  0%| F|  |TAMS 0x0000000083300000, 0x0000000083300000| Untracked 
|  32|0x0000000083400000, 0x0000000083400000, 0x0000000083500000|  0%| F|  |TAMS 0x0000000083400000, 0x0000000083400000| Untracked 
|  33|0x0000000083500000, 0x0000000083500000, 0x0000000083600000|  0%| F|  |TAMS 0x0000000083500000, 0x0000000083500000| Untracked 
|  34|0x0000000083600000, 0x0000000083600000, 0x0000000083700000|  0%| F|  |TAMS 0x0000000083600000, 0x0000000083600000| Untracked 
|  35|0x0000000083700000, 0x0000000083700000, 0x0000000083800000|  0%| F|  |TAMS 0x0000000083700000, 0x0000000083700000| Untracked 
|  36|0x0000000083800000, 0x0000000083800000, 0x0000000083900000|  0%| F|  |TAMS 0x0000000083800000, 0x0000000083800000| Untracked 
|  37|0x0000000083900000, 0x0000000083900000, 0x0000000083a00000|  0%| F|  |TAMS 0x0000000083900000, 0x0000000083900000| Untracked 
|  38|0x0000000083a00000, 0x0000000083a00000, 0x0000000083b00000|  0%| F|  |TAMS 0x0000000083a00000, 0x0000000083a00000| Untracked 
|  39|0x0000000083b00000, 0x0000000083b00000, 0x0000000083c00000|  0%| F|  |TAMS 0x0000000083b00000, 0x0000000083b00000| Untracked 
|  40|0x0000000083c00000, 0x0000000083c00000, 0x0000000083d00000|  0%| F|  |TAMS 0x0000000083c00000, 0x0000000083c00000| Untracked 
|  41|0x0000000083d00000, 0x0000000083d00000, 0x0000000083e00000|  0%| F|  |TAMS 0x0000000083d00000, 0x0000000083d00000| Untracked 
|  42|0x0000000083e00000, 0x0000000083e00000, 0x0000000083f00000|  0%| F|  |TAMS 0x0000000083e00000, 0x0000000083e00000| Untracked 
|  43|0x0000000083f00000, 0x0000000083f00000, 0x0000000084000000|  0%| F|  |TAMS 0x0000000083f00000, 0x0000000083f00000| Untracked 
|  44|0x0000000084000000, 0x0000000084000000, 0x0000000084100000|  0%| F|  |TAMS 0x0000000084000000, 0x0000000084000000| Untracked 
|  45|0x0000000084100000, 0x0000000084100000, 0x0000000084200000|  0%| F|  |TAMS 0x0000000084100000, 0x0000000084100000| Untracked 
|  46|0x0000000084200000, 0x0000000084200000, 0x0000000084300000|  0%| F|  |TAMS 0x0000000084200000, 0x0000000084200000| Untracked 
|  47|0x0000000084300000, 0x0000000084300000, 0x0000000084400000|  0%| F|  |TAMS 0x0000000084300000, 0x0000000084300000| Untracked 
|  48|0x0000000084400000, 0x0000000084400000, 0x0000000084500000|  0%| F|  |TAMS 0x0000000084400000, 0x0000000084400000| Untracked 
|  49|0x0000000084500000, 0x0000000084500000, 0x0000000084600000|  0%| F|  |TAMS 0x0000000084500000, 0x0000000084500000| Untracked 
|  50|0x0000000084600000, 0x0000000084600000, 0x0000000084700000|  0%| F|  |TAMS 0x0000000084600000, 0x0000000084600000| Untracked 
|  51|0x0000000084700000, 0x0000000084700000, 0x0000000084800000|  0%| F|  |TAMS 0x0000000084700000, 0x0000000084700000| Untracked 
|  52|0x0000000084800000, 0x0000000084800000, 0x0000000084900000|  0%| F|  |TAMS 0x0000000084800000, 0x0000000084800000| Untracked 
|  53|0x0000000084900000, 0x0000000084900000, 0x0000000084a00000|  0%| F|  |TAMS 0x0000000084900000, 0x0000000084900000| Untracked 
|  54|0x0000000084a00000, 0x0000000084a00000, 0x0000000084b00000|  0%| F|  |TAMS 0x0000000084a00000, 0x0000000084a00000| Untracked 
|  55|0x0000000084b00000, 0x0000000084b00000, 0x0000000084c00000|  0%| F|  |TAMS 0x0000000084b00000, 0x0000000084b00000| Untracked 
|  56|0x0000000084c00000, 0x0000000084c00000, 0x0000000084d00000|  0%| F|  |TAMS 0x0000000084c00000, 0x0000000084c00000| Untracked 
|  57|0x0000000084d00000, 0x0000000084d00000, 0x0000000084e00000|  0%| F|  |TAMS 0x0000000084d00000, 0x0000000084d00000| Untracked 
|  58|0x0000000084e00000, 0x0000000084e00000, 0x0000000084f00000|  0%| F|  |TAMS 0x0000000084e00000, 0x0000000084e00000| Untracked 
|  59|0x0000000084f00000, 0x0000000084f00000, 0x0000000085000000|  0%| F|  |TAMS 0x0000000084f00000, 0x0000000084f00000| Untracked 
|  60|0x0000000085000000, 0x0000000085000000, 0x0000000085100000|  0%| F|  |TAMS 0x0000000085000000, 0x0000000085000000| Untracked 
|  61|0x0000000085100000, 0x0000000085100000, 0x0000000085200000|  0%| F|  |TAMS 0x0000000085100000, 0x0000000085100000| Untracked 
|  62|0x0000000085200000, 0x0000000085200000, 0x0000000085300000|  0%| F|  |TAMS 0x0000000085200000, 0x0000000085200000| Untracked 
|  63|0x0000000085300000, 0x0000000085300000, 0x0000000085400000|  0%| F|  |TAMS 0x0000000085300000, 0x0000000085300000| Untracked 
|  64|0x0000000085400000, 0x0000000085400000, 0x0000000085500000|  0%| F|  |TAMS 0x0000000085400000, 0x0000000085400000| Untracked 
|  65|0x0000000085500000, 0x0000000085500000, 0x0000000085600000|  0%| F|  |TAMS 0x0000000085500000, 0x0000000085500000| Untracked 
|  66|0x0000000085600000, 0x0000000085600000, 0x0000000085700000|  0%| F|  |TAMS 0x0000000085600000, 0x0000000085600000| Untracked 
|  67|0x0000000085700000, 0x0000000085700000, 0x0000000085800000|  0%| F|  |TAMS 0x0000000085700000, 0x0000000085700000| Untracked 
|  68|0x0000000085800000, 0x0000000085800000, 0x0000000085900000|  0%| F|  |TAMS 0x0000000085800000, 0x0000000085800000| Untracked 
|  69|0x0000000085900000, 0x0000000085900000, 0x0000000085a00000|  0%| F|  |TAMS 0x0000000085900000, 0x0000000085900000| Untracked 
|  70|0x0000000085a00000, 0x0000000085a00000, 0x0000000085b00000|  0%| F|  |TAMS 0x0000000085a00000, 0x0000000085a00000| Untracked 
|  71|0x0000000085b00000, 0x0000000085b00000, 0x0000000085c00000|  0%| F|  |TAMS 0x0000000085b00000, 0x0000000085b00000| Untracked 
|  72|0x0000000085c00000, 0x0000000085c00000, 0x0000000085d00000|  0%| F|  |TAMS 0x0000000085c00000, 0x0000000085c00000| Untracked 
|  73|0x0000000085d00000, 0x0000000085d00000, 0x0000000085e00000|  0%| F|  |TAMS 0x0000000085d00000, 0x0000000085d00000| Untracked 
|  74|0x0000000085e00000, 0x0000000085e00000, 0x0000000085f00000|  0%| F|  |TAMS 0x0000000085e00000, 0x0000000085e00000| Untracked 
|  75|0x0000000085f00000, 0x0000000085f00000, 0x0000000086000000|  0%| F|  |TAMS 0x0000000085f00000, 0x0000000085f00000| Untracked 
|  76|0x0000000086000000, 0x0000000086000000, 0x0000000086100000|  0%| F|  |TAMS 0x0000000086000000, 0x0000000086000000| Untracked 
|  77|0x0000000086100000, 0x0000000086100000, 0x0000000086200000|  0%| F|  |TAMS 0x0000000086100000, 0x0000000086100000| Untracked 
|  78|0x0000000086200000, 0x0000000086200000, 0x0000000086300000|  0%| F|  |TAMS 0x0000000086200000, 0x0000000086200000| Untracked 
|  79|0x0000000086300000, 0x0000000086300000, 0x0000000086400000|  0%| F|  |TAMS 0x0000000086300000, 0x0000000086300000| Untracked 
|  80|0x0000000086400000, 0x0000000086400000, 0x0000000086500000|  0%| F|  |TAMS 0x0000000086400000, 0x0000000086400000| Untracked 
|  81|0x0000000086500000, 0x0000000086500000, 0x0000000086600000|  0%| F|  |TAMS 0x0000000086500000, 0x0000000086500000| Untracked 
|  82|0x0000000086600000, 0x0000000086600000, 0x0000000086700000|  0%| F|  |TAMS 0x0000000086600000, 0x0000000086600000| Untracked 
|  83|0x0000000086700000, 0x0000000086700000, 0x0000000086800000|  0%| F|  |TAMS 0x0000000086700000, 0x0000000086700000| Untracked 
|  84|0x0000000086800000, 0x0000000086800000, 0x0000000086900000|  0%| F|  |TAMS 0x0000000086800000, 0x0000000086800000| Untracked 
|  85|0x0000000086900000, 0x0000000086900000, 0x0000000086a00000|  0%| F|  |TAMS 0x0000000086900000, 0x0000000086900000| Untracked 
|  86|0x0000000086a00000, 0x0000000086a00000, 0x0000000086b00000|  0%| F|  |TAMS 0x0000000086a00000, 0x0000000086a00000| Untracked 
|  87|0x0000000086b00000, 0x0000000086b00000, 0x0000000086c00000|  0%| F|  |TAMS 0x0000000086b00000, 0x0000000086b00000| Untracked 
|  88|0x0000000086c00000, 0x0000000086c00000, 0x0000000086d00000|  0%| F|  |TAMS 0x0000000086c00000, 0x0000000086c00000| Untracked 
|  89|0x0000000086d00000, 0x0000000086d00000, 0x0000000086e00000|  0%| F|  |TAMS 0x0000000086d00000, 0x0000000086d00000| Untracked 
|  90|0x0000000086e00000, 0x0000000086e00000, 0x0000000086f00000|  0%| F|  |TAMS 0x0000000086e00000, 0x0000000086e00000| Untracked 
|  91|0x0000000086f00000, 0x0000000086f00000, 0x0000000087000000|  0%| F|  |TAMS 0x0000000086f00000, 0x0000000086f00000| Untracked 
|  92|0x0000000087000000, 0x0000000087000000, 0x0000000087100000|  0%| F|  |TAMS 0x0000000087000000, 0x0000000087000000| Untracked 
|  93|0x0000000087100000, 0x0000000087100000, 0x0000000087200000|  0%| F|  |TAMS 0x0000000087100000, 0x0000000087100000| Untracked 
|  94|0x0000000087200000, 0x0000000087200000, 0x0000000087300000|  0%| F|  |TAMS 0x0000000087200000, 0x0000000087200000| Untracked 
|  95|0x0000000087300000, 0x0000000087300000, 0x0000000087400000|  0%| F|  |TAMS 0x0000000087300000, 0x0000000087300000| Untracked 
|  96|0x0000000087400000, 0x0000000087400000, 0x0000000087500000|  0%| F|  |TAMS 0x0000000087400000, 0x0000000087400000| Untracked 
|  97|0x0000000087500000, 0x0000000087500000, 0x0000000087600000|  0%| F|  |TAMS 0x0000000087500000, 0x0000000087500000| Untracked 
|  98|0x0000000087600000, 0x0000000087600000, 0x0000000087700000|  0%| F|  |TAMS 0x0000000087600000, 0x0000000087600000| Untracked 
|  99|0x0000000087700000, 0x0000000087700000, 0x0000000087800000|  0%| F|  |TAMS 0x0000000087700000, 0x0000000087700000| Untracked 
| 100|0x0000000087800000, 0x0000000087800000, 0x0000000087900000|  0%| F|  |TAMS 0x0000000087800000, 0x0000000087800000| Untracked 
| 101|0x0000000087900000, 0x0000000087900000, 0x0000000087a00000|  0%| F|  |TAMS 0x0000000087900000, 0x0000000087900000| Untracked 
| 102|0x0000000087a00000, 0x0000000087a00000, 0x0000000087b00000|  0%| F|  |TAMS 0x0000000087a00000, 0x0000000087a00000| Untracked 
| 103|0x0000000087b00000, 0x0000000087b00000, 0x0000000087c00000|  0%| F|  |TAMS 0x0000000087b00000, 0x0000000087b00000| Untracked 
| 104|0x0000000087c00000, 0x0000000087c00000, 0x0000000087d00000|  0%| F|  |TAMS 0x0000000087c00000, 0x0000000087c00000| Untracked 
| 105|0x0000000087d00000, 0x0000000087d00000, 0x0000000087e00000|  0%| F|  |TAMS 0x0000000087d00000, 0x0000000087d00000| Untracked 
| 106|0x0000000087e00000, 0x0000000087e00000, 0x0000000087f00000|  0%| F|  |TAMS 0x0000000087e00000, 0x0000000087e00000| Untracked 
| 107|0x0000000087f00000, 0x0000000087f00000, 0x0000000088000000|  0%| F|  |TAMS 0x0000000087f00000, 0x0000000087f00000| Untracked 
| 108|0x0000000088000000, 0x0000000088000000, 0x0000000088100000|  0%| F|  |TAMS 0x0000000088000000, 0x0000000088000000| Untracked 
| 109|0x0000000088100000, 0x0000000088100000, 0x0000000088200000|  0%| F|  |TAMS 0x0000000088100000, 0x0000000088100000| Untracked 
| 110|0x0000000088200000, 0x0000000088200000, 0x0000000088300000|  0%| F|  |TAMS 0x0000000088200000, 0x0000000088200000| Untracked 
| 111|0x0000000088300000, 0x0000000088300000, 0x0000000088400000|  0%| F|  |TAMS 0x0000000088300000, 0x0000000088300000| Untracked 
| 112|0x0000000088400000, 0x0000000088400000, 0x0000000088500000|  0%| F|  |TAMS 0x0000000088400000, 0x0000000088400000| Untracked 
| 113|0x0000000088500000, 0x0000000088500000, 0x0000000088600000|  0%| F|  |TAMS 0x0000000088500000, 0x0000000088500000| Untracked 
| 114|0x0000000088600000, 0x0000000088600000, 0x0000000088700000|  0%| F|  |TAMS 0x0000000088600000, 0x0000000088600000| Untracked 
| 115|0x0000000088700000, 0x0000000088700000, 0x0000000088800000|  0%| F|  |TAMS 0x0000000088700000, 0x0000000088700000| Untracked 
| 116|0x0000000088800000, 0x0000000088800000, 0x0000000088900000|  0%| F|  |TAMS 0x0000000088800000, 0x0000000088800000| Untracked 
| 117|0x0000000088900000, 0x0000000088900000, 0x0000000088a00000|  0%| F|  |TAMS 0x0000000088900000, 0x0000000088900000| Untracked 
| 118|0x0000000088a00000, 0x0000000088a00000, 0x0000000088b00000|  0%| F|  |TAMS 0x0000000088a00000, 0x0000000088a00000| Untracked 
| 119|0x0000000088b00000, 0x0000000088b00000, 0x0000000088c00000|  0%| F|  |TAMS 0x0000000088b00000, 0x0000000088b00000| Untracked 
| 120|0x0000000088c00000, 0x0000000088c00000, 0x0000000088d00000|  0%| F|  |TAMS 0x0000000088c00000, 0x0000000088c00000| Untracked 
| 121|0x0000000088d00000, 0x0000000088d00000, 0x0000000088e00000|  0%| F|  |TAMS 0x0000000088d00000, 0x0000000088d00000| Untracked 
| 122|0x0000000088e00000, 0x0000000088e00000, 0x0000000088f00000|  0%| F|  |TAMS 0x0000000088e00000, 0x0000000088e00000| Untracked 
| 123|0x0000000088f00000, 0x0000000088f00000, 0x0000000089000000|  0%| F|  |TAMS 0x0000000088f00000, 0x0000000088f00000| Untracked 
| 124|0x0000000089000000, 0x0000000089085a70, 0x0000000089100000| 52%| E|  |TAMS 0x0000000089000000, 0x0000000089000000| Complete 
| 125|0x0000000089100000, 0x0000000089200000, 0x0000000089200000|100%| E|CS|TAMS 0x0000000089100000, 0x0000000089100000| Complete 
| 126|0x0000000089200000, 0x0000000089300000, 0x0000000089300000|100%| E|CS|TAMS 0x0000000089200000, 0x0000000089200000| Complete 
| 127|0x0000000089300000, 0x0000000089400000, 0x0000000089400000|100%| E|CS|TAMS 0x0000000089300000, 0x0000000089300000| Complete 

Card table byte_map: [0x000001c37a750000,0x000001c37ab50000] _byte_map_base: 0x000001c37a346000

Marking Bits (Prev, Next): (CMBitMap*) 0x000001c37a2d2d70, (CMBitMap*) 0x000001c37a2d2db0
 Prev Bits: [0x000001c37af50000, 0x000001c37cf00000)
 Next Bits: [0x000001c37cf00000, 0x000001c37eeb0000)

Polling page: 0x000001c3781c0000

Metaspace:

Usage:
  Non-class:    996.84 KB used.
      Class:     87.81 KB used.
       Both:      1.06 MB used.

Virtual space:
  Non-class space:       64.00 MB reserved,       1.00 MB (  2%) committed,  1 nodes.
      Class space:        1.00 GB reserved,     192.00 KB ( <1%) committed,  1 nodes.
             Both:        1.06 GB reserved,       1.19 MB ( <1%) committed. 

Chunk freelists:
   Non-Class:  11.95 MB
       Class:  15.74 MB
        Both:  27.68 MB

MaxMetaspaceSize: unlimited
CompressedClassSpaceSize: 1.00 GB
Initial GC threshold: 21.00 MB
Current GC threshold: 21.00 MB
CDS: on
MetaspaceReclaimPolicy: balanced
 - commit_granule_bytes: 65536.
 - commit_granule_words: 8192.
 - virtual_space_node_default_size: 8388608.
 - enlarge_chunks_in_place: 1.
 - new_chunks_are_fully_committed: 0.
 - uncommit_free_chunks: 1.
 - use_allocation_guard: 0.
 - handle_deallocations: 1.


Internal statistics:

num_allocs_failed_limit: 0.
num_arena_births: 12.
num_arena_deaths: 0.
num_vsnodes_births: 2.
num_vsnodes_deaths: 0.
num_space_committed: 19.
num_space_uncommitted: 0.
num_chunks_returned_to_freelist: 0.
num_chunks_taken_from_freelist: 21.
num_chunk_merges: 0.
num_chunk_splits: 12.
num_chunks_enlarged: 7.
num_inconsistent_stats: 0.

CodeHeap 'non-profiled nmethods': size=120000Kb used=92Kb max_used=92Kb free=119907Kb
 bounds [0x000001c30f510000, 0x000001c30f780000, 0x000001c316a40000]
CodeHeap 'profiled nmethods': size=120000Kb used=366Kb max_used=366Kb free=119633Kb
 bounds [0x000001c307a40000, 0x000001c307cb0000, 0x000001c30ef70000]
CodeHeap 'non-nmethods': size=5760Kb used=1133Kb max_used=1147Kb free=4626Kb
 bounds [0x000001c30ef70000, 0x000001c30f1e0000, 0x000001c30f510000]
 total_blobs=712 nmethods=295 adapters=330
 compilation: enabled
              stopped_count=0, restarted_count=0
 full_count=0

Compilation events (20 events):
Event: 1.013 Thread 0x000001c37f379930  284       3       java.util.LinkedHashMap::newNode (23 bytes)
Event: 1.013 Thread 0x000001c37f34acb0 nmethod 282 0x000001c30f526710 code [0x000001c30f526880, 0x000001c30f526918]
Event: 1.013 Thread 0x000001c37f34acb0  288       4       java.util.HashMap$Node::<init> (26 bytes)
Event: 1.014 Thread 0x000001c37f379930 nmethod 284 0x000001c307a98f10 code [0x000001c307a990e0, 0x000001c307a994c8]
Event: 1.014 Thread 0x000001c37f379930  285       3       java.util.LinkedHashMap$Entry::<init> (10 bytes)
Event: 1.014 Thread 0x000001c37f379930 nmethod 285 0x000001c307a99690 code [0x000001c307a99840, 0x000001c307a99b18]
Event: 1.015 Thread 0x000001c37f379930  290       3       java.lang.AbstractStringBuilder::<init> (39 bytes)
Event: 1.015 Thread 0x000001c37f379930 nmethod 290 0x000001c307a99c10 code [0x000001c307a99dc0, 0x000001c307a9a058]
Event: 1.015 Thread 0x000001c37f379930  291       3       java.lang.StringBuilder::toString (35 bytes)
Event: 1.015 Thread 0x000001c37f34acb0 nmethod 288 0x000001c30f526a10 code [0x000001c30f526b80, 0x000001c30f526e78]
Event: 1.015 Thread 0x000001c37f34acb0  289       4       java.util.HashMap::put (13 bytes)
Event: 1.015 Thread 0x000001c37f379930 nmethod 291 0x000001c307a9a110 code [0x000001c307a9a2e0, 0x000001c307a9a5b8]
Event: 1.016 Thread 0x000001c37f379930  292       3       jdk.internal.misc.Unsafe::putReferenceRelease (9 bytes)
Event: 1.016 Thread 0x000001c37f379930 nmethod 292 0x000001c307a9a690 code [0x000001c307a9a820, 0x000001c307a9a978]
Event: 1.016 Thread 0x000001c37f379930  294       3       java.util.concurrent.ConcurrentHashMap::setTabAt (20 bytes)
Event: 1.016 Thread 0x000001c37f379930 nmethod 294 0x000001c307a9aa10 code [0x000001c307a9abc0, 0x000001c307a9ade8]
Event: 1.016 Thread 0x000001c37f379930  295       3       java.util.Objects::requireNonNull (15 bytes)
Event: 1.016 Thread 0x000001c37f379930 nmethod 295 0x000001c307a9ae90 code [0x000001c307a9b040, 0x000001c307a9b228]
Event: 1.016 Thread 0x000001c37f379930  296       3       java.lang.StringLatin1::inflate (34 bytes)
Event: 1.016 Thread 0x000001c37f379930 nmethod 296 0x000001c307a9b310 code [0x000001c307a9b4c0, 0x000001c307a9b6d8]

GC Heap History (0 events):
No events

Dll operation events (9 events):
Event: 0.009 Loaded shared library C:\Users\fic\.jdks\corretto-17.0.7\bin\java.dll
Event: 0.018 Loaded shared library C:\Users\fic\.jdks\corretto-17.0.7\bin\jsvml.dll
Event: 0.068 Loaded shared library C:\Users\fic\.jdks\corretto-17.0.7\bin\zip.dll
Event: 0.069 Loaded shared library C:\Users\fic\.jdks\corretto-17.0.7\bin\instrument.dll
Event: 0.075 Loaded shared library C:\Users\fic\.jdks\corretto-17.0.7\bin\net.dll
Event: 0.076 Loaded shared library C:\Users\fic\.jdks\corretto-17.0.7\bin\nio.dll
Event: 0.080 Loaded shared library C:\Users\fic\.jdks\corretto-17.0.7\bin\zip.dll
Event: 0.089 Loaded shared library C:\Program Files\JetBrains\IntelliJ IDEA Community Edition 2023.1.1\bin\breakgen64.dll
Event: 0.102 Loaded shared library C:\Users\fic\.jdks\corretto-17.0.7\bin\jimage.dll

Deoptimization events (20 events):
Event: 0.080 Thread 0x000001c37a278a20 Uncommon trap: trap_request=0xffffffde fr.pc=0x000001c30f51c518 relative=0x00000000000007b8
Event: 0.080 Thread 0x000001c37a278a20 Uncommon trap: reason=class_check action=maybe_recompile pc=0x000001c30f51c518 method=java.util.HashMap.putVal(ILjava/lang/Object;Ljava/lang/Object;ZZ)Ljava/lang/Object; @ 152 c2
Event: 0.080 Thread 0x000001c37a278a20 DEOPT PACKING pc=0x000001c30f51c518 sp=0x0000006dca1fe300
Event: 0.080 Thread 0x000001c37a278a20 DEOPT UNPACKING pc=0x000001c30efc69a3 sp=0x0000006dca1fe280 mode 2
Event: 0.081 Thread 0x000001c37a278a20 Uncommon trap: trap_request=0xffffffde fr.pc=0x000001c30f51c518 relative=0x00000000000007b8
Event: 0.081 Thread 0x000001c37a278a20 Uncommon trap: reason=class_check action=maybe_recompile pc=0x000001c30f51c518 method=java.util.HashMap.putVal(ILjava/lang/Object;Ljava/lang/Object;ZZ)Ljava/lang/Object; @ 152 c2
Event: 0.081 Thread 0x000001c37a278a20 DEOPT PACKING pc=0x000001c30f51c518 sp=0x0000006dca1fe300
Event: 0.081 Thread 0x000001c37a278a20 DEOPT UNPACKING pc=0x000001c30efc69a3 sp=0x0000006dca1fe280 mode 2
Event: 0.083 Thread 0x000001c37a278a20 Uncommon trap: trap_request=0xffffffde fr.pc=0x000001c30f51c518 relative=0x00000000000007b8
Event: 0.083 Thread 0x000001c37a278a20 Uncommon trap: reason=class_check action=maybe_recompile pc=0x000001c30f51c518 method=java.util.HashMap.putVal(ILjava/lang/Object;Ljava/lang/Object;ZZ)Ljava/lang/Object; @ 152 c2
Event: 0.083 Thread 0x000001c37a278a20 DEOPT PACKING pc=0x000001c30f51c518 sp=0x0000006dca1fe300
Event: 0.083 Thread 0x000001c37a278a20 DEOPT UNPACKING pc=0x000001c30efc69a3 sp=0x0000006dca1fe280 mode 2
Event: 0.090 Thread 0x000001c37a278a20 Uncommon trap: trap_request=0xffffff45 fr.pc=0x000001c30f51e274 relative=0x0000000000000074
Event: 0.090 Thread 0x000001c37a278a20 Uncommon trap: reason=unstable_if action=reinterpret pc=0x000001c30f51e274 method=java.lang.String.isLatin1()Z @ 10 c2
Event: 0.090 Thread 0x000001c37a278a20 DEOPT PACKING pc=0x000001c30f51e274 sp=0x0000006dca1ff310
Event: 0.090 Thread 0x000001c37a278a20 DEOPT UNPACKING pc=0x000001c30efc69a3 sp=0x0000006dca1ff250 mode 2
Event: 0.092 Thread 0x000001c37a278a20 Uncommon trap: trap_request=0xffffffde fr.pc=0x000001c30f51c518 relative=0x00000000000007b8
Event: 0.092 Thread 0x000001c37a278a20 Uncommon trap: reason=class_check action=maybe_recompile pc=0x000001c30f51c518 method=java.util.HashMap.putVal(ILjava/lang/Object;Ljava/lang/Object;ZZ)Ljava/lang/Object; @ 152 c2
Event: 0.092 Thread 0x000001c37a278a20 DEOPT PACKING pc=0x000001c30f51c518 sp=0x0000006dca1fe2f0
Event: 0.092 Thread 0x000001c37a278a20 DEOPT UNPACKING pc=0x000001c30efc69a3 sp=0x0000006dca1fe270 mode 2

Classes unloaded (0 events):
No events

Classes redefined (0 events):
No events

Internal exceptions (2 events):
Event: 0.093 Thread 0x000001c318d585e0 Exception <a 'java/lang/NoSuchMethodError'{0x00000000891046c8}: 'java.lang.Object java.lang.invoke.DirectMethodHandle$Holder.invokeStaticInit(java.lang.Object)'> (0x00000000891046c8) 
thrown [s\src\hotspot\share\interpreter\linkResolver.cpp, line 759]
Event: 0.099 Thread 0x000001c318d585e0 Exception <a 'java/lang/NoSuchMethodError'{0x0000000089112420}: 'void java.lang.invoke.DirectMethodHandle$Holder.invokeStatic(java.lang.Object, java.lang.Object)'> (0x0000000089112420) 
thrown [s\src\hotspot\share\interpreter\linkResolver.cpp, line 759]

VM Operations (4 events):
Event: 0.057 Executing VM operation: HandshakeAllThreads
Event: 0.057 Executing VM operation: HandshakeAllThreads done
Event: 0.091 Executing VM operation: HandshakeAllThreads
Event: 0.091 Executing VM operation: HandshakeAllThreads done

Events (20 events):
Event: 1.009 loading class sun/util/locale/provider/TimeZoneNameProviderImpl done
Event: 1.009 loading class sun/util/cldr/CLDRTimeZoneNameProviderImpl done
Event: 1.011 loading class sun/util/locale/provider/BaseLocaleDataMetaInfo
Event: 1.011 loading class sun/util/locale/provider/BaseLocaleDataMetaInfo done
Event: 1.012 loading class sun/util/resources/cldr/TimeZoneNames
Event: 1.012 loading class sun/util/resources/TimeZoneNamesBundle
Event: 1.012 loading class sun/util/resources/OpenListResourceBundle
Event: 1.012 loading class sun/util/resources/OpenListResourceBundle done
Event: 1.012 loading class sun/util/resources/TimeZoneNamesBundle done
Event: 1.012 loading class sun/util/resources/cldr/TimeZoneNames done
Event: 1.012 loading class sun/util/resources/cldr/TimeZoneNames_en
Event: 1.012 loading class sun/util/resources/cldr/TimeZoneNames_en done
Event: 1.012 loading class sun/util/resources/cldr/TimeZoneNames_en_US
Event: 1.012 loading class sun/util/resources/cldr/TimeZoneNames_en_US done
Event: 1.013 loading class java/util/LinkedHashMap$LinkedKeySet
Event: 1.013 loading class java/util/LinkedHashMap$LinkedKeySet done
Event: 1.013 loading class sun/util/resources/TimeZoneNames
Event: 1.014 loading class sun/util/resources/TimeZoneNames done
Event: 1.014 loading class sun/util/resources/TimeZoneNames_en
Event: 1.014 loading class sun/util/resources/TimeZoneNames_en done


Dynamic libraries:
0x00007ff64e770000 - 0x00007ff64e77d000 	C:\Users\fic\.jdks\corretto-17.0.7\bin\java.exe
0x00007ffc97830000 - 0x00007ffc97a28000 	C:\Windows\SYSTEM32\ntdll.dll
0x00007ffc960d0000 - 0x00007ffc9618f000 	C:\Windows\System32\KERNEL32.DLL
0x00007ffc954b0000 - 0x00007ffc9578a000 	C:\Windows\System32\KERNELBASE.dll
0x00007ffc95380000 - 0x00007ffc95480000 	C:\Windows\System32\ucrtbase.dll
0x00007ffc81810000 - 0x00007ffc81827000 	C:\Users\fic\.jdks\corretto-17.0.7\bin\jli.dll
0x00007ffc84ca0000 - 0x00007ffc84cb5000 	C:\Users\fic\.jdks\corretto-17.0.7\bin\VCRUNTIME140.dll
0x00007ffc95e80000 - 0x00007ffc9601d000 	C:\Windows\System32\USER32.dll
0x00007ffc95480000 - 0x00007ffc954a2000 	C:\Windows\System32\win32u.dll
0x00007ffc88870000 - 0x00007ffc88b0a000 	C:\Windows\WinSxS\amd64_microsoft.windows.common-controls_6595b64144ccf1df_6.0.19041.1110_none_60b5254171f9507e\COMCTL32.dll
0x00007ffc96ed0000 - 0x00007ffc96efb000 	C:\Windows\System32\GDI32.dll
0x00007ffc95130000 - 0x00007ffc95240000 	C:\Windows\System32\gdi32full.dll
0x00007ffc96720000 - 0x00007ffc967be000 	C:\Windows\System32\msvcrt.dll
0x00007ffc95240000 - 0x00007ffc952dd000 	C:\Windows\System32\msvcp_win.dll
0x00007ffc96680000 - 0x00007ffc966b0000 	C:\Windows\System32\IMM32.DLL
0x00007ffc80f20000 - 0x00007ffc80fbb000 	C:\Users\fic\.jdks\corretto-17.0.7\bin\msvcp140.dll
0x00007ffc6e9f0000 - 0x00007ffc6f60a000 	C:\Users\fic\.jdks\corretto-17.0.7\bin\server\jvm.dll
0x00007ffc96400000 - 0x00007ffc964ae000 	C:\Windows\System32\ADVAPI32.dll
0x00007ffc95de0000 - 0x00007ffc95e7c000 	C:\Windows\System32\sechost.dll
0x00007ffc967d0000 - 0x00007ffc968f6000 	C:\Windows\System32\RPCRT4.dll
0x00007ffc82000000 - 0x00007ffc82009000 	C:\Windows\SYSTEM32\WSOCK32.dll
0x00007ffc966b0000 - 0x00007ffc9671b000 	C:\Windows\System32\WS2_32.dll
0x00007ffc8aca0000 - 0x00007ffc8acc7000 	C:\Windows\SYSTEM32\WINMM.dll
0x00007ffc8a220000 - 0x00007ffc8a22a000 	C:\Windows\SYSTEM32\VERSION.dll
0x00007ffc92da0000 - 0x00007ffc92db2000 	C:\Windows\SYSTEM32\kernel.appcore.dll
0x00007ffc92460000 - 0x00007ffc9246a000 	C:\Users\fic\.jdks\corretto-17.0.7\bin\jimage.dll
0x00007ffc88f50000 - 0x00007ffc89134000 	C:\Windows\SYSTEM32\DBGHELP.DLL
0x00007ffc89500000 - 0x00007ffc89534000 	C:\Windows\SYSTEM32\dbgcore.DLL
0x00007ffc94f40000 - 0x00007ffc94fc2000 	C:\Windows\System32\bcryptPrimitives.dll
0x00007ffc8ef70000 - 0x00007ffc8ef7e000 	C:\Users\fic\.jdks\corretto-17.0.7\bin\instrument.dll
0x00007ffc7f3a0000 - 0x00007ffc7f3c5000 	C:\Users\fic\.jdks\corretto-17.0.7\bin\java.dll
0x00007ffc71990000 - 0x00007ffc71a66000 	C:\Users\fic\.jdks\corretto-17.0.7\bin\jsvml.dll
0x00007ffc96fe0000 - 0x00007ffc97724000 	C:\Windows\System32\SHELL32.dll
0x00007ffc92fa0000 - 0x00007ffc93733000 	C:\Windows\SYSTEM32\windows.storage.dll
0x00007ffc95960000 - 0x00007ffc95cb4000 	C:\Windows\System32\combase.dll
0x00007ffc949a0000 - 0x00007ffc949ce000 	C:\Windows\SYSTEM32\Wldp.dll
0x00007ffc96020000 - 0x00007ffc960cd000 	C:\Windows\System32\SHCORE.dll
0x00007ffc96340000 - 0x00007ffc96395000 	C:\Windows\System32\shlwapi.dll
0x00007ffc94e80000 - 0x00007ffc94e9f000 	C:\Windows\SYSTEM32\profapi.dll
0x00007ffc7f010000 - 0x00007ffc7f028000 	C:\Users\fic\.jdks\corretto-17.0.7\bin\zip.dll
0x00007ffc817f0000 - 0x00007ffc81809000 	C:\Users\fic\.jdks\corretto-17.0.7\bin\net.dll
0x00007ffc8bcd0000 - 0x00007ffc8bdda000 	C:\Windows\SYSTEM32\WINHTTP.dll
0x00007ffc94620000 - 0x00007ffc9468a000 	C:\Windows\system32\mswsock.dll
0x00007ffc7f380000 - 0x00007ffc7f395000 	C:\Users\fic\.jdks\corretto-17.0.7\bin\nio.dll
0x00007ffc8ef10000 - 0x00007ffc8ef2a000 	C:\Program Files\JetBrains\IntelliJ IDEA Community Edition 2023.1.1\bin\breakgen64.dll

dbghelp: loaded successfully - version: 4.0.5 - missing functions: none
symbol engine: initialized successfully - sym options: 0x614 - pdb path: .;C:\Users\fic\.jdks\corretto-17.0.7\bin;C:\Windows\SYSTEM32;C:\Windows\WinSxS\amd64_microsoft.windows.common-controls_6595b64144ccf1df_6.0.19041.1110_none_60b5254171f9507e;C:\Users\fic\.jdks\corretto-17.0.7\bin\server;C:\Program Files\JetBrains\IntelliJ IDEA Community Edition 2023.1.1\bin

VM Arguments:
jvm_args: -javaagent:C:\Program Files\JetBrains\IntelliJ IDEA Community Edition 2023.1.1\lib\idea_rt.jar=55748:C:\Program Files\JetBrains\IntelliJ IDEA Community Edition 2023.1.1\bin -Dfile.encoding=UTF-8 
java_command: MainKt
java_class_path (initial): C:\Users\fic\IdeaProjects\Exercicio4\build\classes\kotlin\main;C:\Users\fic\.gradle\caches\modules-2\files-2.1\org.jetbrains.kotlin\kotlin-stdlib-jdk8\1.8.20\73576ddf378c5b4f1f6b449fe6b119b8183fc078\kotlin-stdlib-jdk8-1.8.20.jar;C:\Users\fic\.gradle\caches\modules-2\files-2.1\org.jetbrains.kotlin\kotlin-stdlib-jdk7\1.8.20\3aa51faf20aae8b31e1a4bc54f8370673d7b7df4\kotlin-stdlib-jdk7-1.8.20.jar;C:\Users\fic\.gradle\caches\modules-2\files-2.1\org.jetbrains.kotlin\kotlin-stdlib\1.8.20\e72fc5e03ec6c064c678a6bd0d955c88d55b0c4a\kotlin-stdlib-1.8.20.jar;C:\Users\fic\.gradle\caches\modules-2\files-2.1\org.jetbrains.kotlin\kotlin-stdlib-common\1.8.20\5eddaaf234c8c49d03eebeb6a14feb7f90faca71\kotlin-stdlib-common-1.8.20.jar;C:\Users\fic\.gradle\caches\modules-2\files-2.1\org.jetbrains\annotations\13.0\919f0dfe192fb4e063e7dacadee7f8bb9a2672a9\annotations-13.0.jar
Launcher Type: SUN_STANDARD

[Global flags]
     intx CICompilerCount                          = 3                                         {product} {ergonomic}
     uint ConcGCThreads                            = 1                                         {product} {ergonomic}
     uint G1ConcRefinementThreads                  = 4                                         {product} {ergonomic}
   size_t G1HeapRegionSize                         = 1048576                                   {product} {ergonomic}
    uintx GCDrainStackTargetSize                   = 64                                        {product} {ergonomic}
   size_t InitialHeapSize                          = 134217728                                 {product} {ergonomic}
   size_t MarkStackSize                            = 4194304                                   {product} {ergonomic}
   size_t MaxHeapSize                              = 2126512128                                {product} {ergonomic}
   size_t MaxNewSize                               = 1275068416                                {product} {ergonomic}
   size_t MinHeapDeltaBytes                        = 1048576                                   {product} {ergonomic}
   size_t MinHeapSize                              = 8388608                                   {product} {ergonomic}
    uintx NonNMethodCodeHeapSize                   = 5832780                                {pd product} {ergonomic}
    uintx NonProfiledCodeHeapSize                  = 122912730                              {pd product} {ergonomic}
    uintx ProfiledCodeHeapSize                     = 122912730                              {pd product} {ergonomic}
    uintx ReservedCodeCacheSize                    = 251658240                              {pd product} {ergonomic}
     bool SegmentedCodeCache                       = true                                      {product} {ergonomic}
   size_t SoftMaxHeapSize                          = 2126512128                             {manageable} {ergonomic}
     bool UseCompressedClassPointers               = true                           {product lp64_product} {ergonomic}
     bool UseCompressedOops                        = true                           {product lp64_product} {ergonomic}
     bool UseG1GC                                  = true                                      {product} {ergonomic}
     bool UseLargePagesIndividualAllocation        = false                                  {pd product} {ergonomic}

Logging:
Log output configuration:
 #0: stdout all=warning uptime,level,tags
 #1: stderr all=off uptime,level,tags

Environment Variables:
PATH=C:\Windows\system32;C:\Windows;C:\Windows\System32\Wbem;C:\Windows\System32\WindowsPowerShell\v1.0\;C:\Windows\System32\OpenSSH\;C:\Program Files\Microsoft VS Code\bin;C:\Program Files\Git\cmd;C:\Users\fic\AppData\Local\Microsoft\WindowsApps;
USERNAME=fic
OS=Windows_NT
PROCESSOR_IDENTIFIER=Intel64 Family 6 Model 60 Stepping 3, GenuineIntel
TMP=C:\Users\fic\AppData\Local\Temp
TEMP=C:\Users\fic\AppData\Local\Temp



---------------  S Y S T E M  ---------------

OS:
 Windows 10 , 64 bit Build 19041 (10.0.19041.2788)
OS uptime: 0 days 6:45 hours

CPU: total 4 (initial active 4) (4 cores per cpu, 1 threads per core) family 6 model 60 stepping 3 microcode 0x27, cx8, cmov, fxsr, mmx, sse, sse2, sse3, ssse3, sse4.1, sse4.2, popcnt, lzcnt, tsc, tscinvbit, avx, avx2, aes, erms, clmul, bmi1, bmi2, fma, vzeroupper, clflush

Memory: 4k page, system-wide physical 8110M (896M free)
TotalPageFile size 8110M (AvailPageFile size 4M)
current process WorkingSet (physical memory assigned to process): 37M, peak: 37M
current process commit charge ("private bytes"): 204M, peak: 204M

vm_info: OpenJDK 64-Bit Server VM (17.0.7+7-LTS) for windows-amd64 JRE (17.0.7+7-LTS), built on Apr 14 2023 01:39:21 by "Administrator" with MS VC++ 15.9 (VS2017)

END.
